<?xml version="1.0" encoding="UTF-8"?>
<testng-results ignored="0" total="3" passed="3" failed="0" skipped="0">
  <reporter-output>
  </reporter-output>
  <suite started-at="2023-01-13T11:57:36 GET" name="Cross-Platform" finished-at="2023-01-13T11:57:51 GET" duration-ms="15011">
    <groups>
    </groups>
    <test started-at="2023-01-13T11:57:36 GET" name="BStackDemo-0" finished-at="2023-01-13T11:57:47 GET" duration-ms="11496">
      <class name="com.browserstack.BStackDemoTest">
        <test-method is-config="true" signature="setUp()[pri:0, instance:com.browserstack.BStackDemoTest@40e4ea87]" started-at="2023-01-13T11:57:36 GET" name="setUp" finished-at="2023-01-13T11:57:42 GET" duration-ms="6339" status="PASS">
          <reporter-output>
          </reporter-output>
        </test-method> <!-- setUp -->
        <test-method signature="addProductToCart()[pri:0, instance:com.browserstack.BStackDemoTest@40e4ea87]" started-at="2023-01-13T11:57:42 GET" name="addProductToCart" finished-at="2023-01-13T11:57:46 GET" duration-ms="3713" status="PASS">
          <reporter-output>
          </reporter-output>
        </test-method> <!-- addProductToCart -->
        <test-method is-config="true" signature="tearDown()[pri:0, instance:com.browserstack.BStackDemoTest@40e4ea87]" started-at="2023-01-13T11:57:46 GET" name="tearDown" finished-at="2023-01-13T11:57:47 GET" duration-ms="1263" status="PASS">
          <reporter-output>
          </reporter-output>
        </test-method> <!-- tearDown -->
      </class> <!-- com.browserstack.BStackDemoTest -->
    </test> <!-- BStackDemo-0 -->
    <test started-at="2023-01-13T11:57:36 GET" name="BStackDemo-2" finished-at="2023-01-13T11:57:48 GET" duration-ms="11756">
      <class name="com.browserstack.BStackDemoTest">
        <test-method is-config="true" signature="setUp()[pri:0, instance:com.browserstack.BStackDemoTest@5b69fd74]" started-at="2023-01-13T11:57:36 GET" name="setUp" finished-at="2023-01-13T11:57:43 GET" duration-ms="7089" status="PASS">
          <reporter-output>
          </reporter-output>
        </test-method> <!-- setUp -->
        <test-method signature="addProductToCart()[pri:0, instance:com.browserstack.BStackDemoTest@5b69fd74]" started-at="2023-01-13T11:57:43 GET" name="addProductToCart" finished-at="2023-01-13T11:57:46 GET" duration-ms="3121" status="PASS">
          <reporter-output>
          </reporter-output>
        </test-method> <!-- addProductToCart -->
        <test-method is-config="true" signature="tearDown()[pri:0, instance:com.browserstack.BStackDemoTest@5b69fd74]" started-at="2023-01-13T11:57:46 GET" name="tearDown" finished-at="2023-01-13T11:57:48 GET" duration-ms="1369" status="PASS">
          <reporter-output>
          </reporter-output>
        </test-method> <!-- tearDown -->
      </class> <!-- com.browserstack.BStackDemoTest -->
    </test> <!-- BStackDemo-2 -->
    <test started-at="2023-01-13T11:57:36 GET" name="BStackDemo-1" finished-at="2023-01-13T11:57:51 GET" duration-ms="15011">
      <class name="com.browserstack.BStackDemoTest">
        <test-method is-config="true" signature="setUp()[pri:0, instance:com.browserstack.BStackDemoTest@11ee02f8]" started-at="2023-01-13T11:57:36 GET" name="setUp" finished-at="2023-01-13T11:57:46 GET" duration-ms="9958" status="PASS">
          <reporter-output>
          </reporter-output>
        </test-method> <!-- setUp -->
        <test-method signature="addProductToCart()[pri:0, instance:com.browserstack.BStackDemoTest@11ee02f8]" started-at="2023-01-13T11:57:46 GET" name="addProductToCart" finished-at="2023-01-13T11:57:49 GET" duration-ms="3410" status="PASS">
          <reporter-output>
          </reporter-output>
        </test-method> <!-- addProductToCart -->
        <test-method is-config="true" signature="tearDown()[pri:0, instance:com.browserstack.BStackDemoTest@11ee02f8]" started-at="2023-01-13T11:57:49 GET" name="tearDown" finished-at="2023-01-13T11:57:51 GET" duration-ms="1505" status="PASS">
          <reporter-output>
          </reporter-output>
        </test-method> <!-- tearDown -->
      </class> <!-- com.browserstack.BStackDemoTest -->
    </test> <!-- BStackDemo-1 -->
  </suite> <!-- Cross-Platform -->
</testng-results>
